<?xml version="1.0" encoding="UTF-8"?>
<!-- Generated by org.testng.reporters.JUnitReportReporter -->
<testsuite hostname="lenilson-Latitude-3540" name="br.com.easytaxi.tests.ProfileTest" tests="1" failures="0" timestamp="30 Sep 2016 18:39:49 GMT" time="93.015" errors="1">
  <testcase name="editProfilePassword" time="93.015" classname="br.com.easytaxi.tests.ProfileTest">
    <error type="org.openqa.selenium.TimeoutException" message="Timed out after 60 seconds waiting for presence of element located by: By.id: br.com.easytaxi.homolog:id/img_logo
Build info: version: &#039;2.48.2&#039;, revision: &#039;41bccdd10cf2c0560f637404c2d96164b67d9d67&#039;, time: &#039;2015-10-09 13:08:06&#039;
System info: host: &#039;lenilson-Latitude-3540&#039;, ip: &#039;127.0.1.1&#039;, os.name: &#039;Linux&#039;, os.arch: &#039;amd64&#039;, os.version: &#039;3.19.0-66-generic&#039;, java.version: &#039;1.7.0_95&#039;
Session ID: eeada930-fb58-4517-97f3-55722c2ec719
Driver info: io.appium.java_client.android.AndroidDriver
Capabilities [{platform=LINUX, app=/home/lenilson/workspace/Appium-passenger/apk/passenger-10.1.3.1008-homolog.apk, javascriptEnabled=true, appActivity=br.com.easytaxi.ui.WelcomeActivity, networkConnectionEnabled=true, desired={app=/home/lenilson/workspace/Appium-passenger/apk/passenger-10.1.3.1008-homolog.apk, platformVersion=5.1.1, fullReset=true, platformName=Android, deviceName=emulator-5554, appActivity=br.com.easytaxi.ui.WelcomeActivity, appPackage=br.com.easytaxi.homolog}, locationContextEnabled=false, deviceUDID=emulator-5554, appPackage=br.com.easytaxi.homolog, platformVersion=5.1.1, databaseEnabled=false, platformName=Android, fullReset=true, deviceName=emulator-5554, webStorageEnabled=false, warnings={}, takesScreenshot=true}]">
      <![CDATA[org.openqa.selenium.TimeoutException: Timed out after 60 seconds waiting for presence of element located by: By.id: br.com.easytaxi.homolog:id/img_logo
Build info: version: '2.48.2', revision: '41bccdd10cf2c0560f637404c2d96164b67d9d67', time: '2015-10-09 13:08:06'
System info: host: 'lenilson-Latitude-3540', ip: '127.0.1.1', os.name: 'Linux', os.arch: 'amd64', os.version: '3.19.0-66-generic', java.version: '1.7.0_95'
Session ID: eeada930-fb58-4517-97f3-55722c2ec719
Driver info: io.appium.java_client.android.AndroidDriver
Capabilities [{platform=LINUX, app=/home/lenilson/workspace/Appium-passenger/apk/passenger-10.1.3.1008-homolog.apk, javascriptEnabled=true, appActivity=br.com.easytaxi.ui.WelcomeActivity, networkConnectionEnabled=true, desired={app=/home/lenilson/workspace/Appium-passenger/apk/passenger-10.1.3.1008-homolog.apk, platformVersion=5.1.1, fullReset=true, platformName=Android, deviceName=emulator-5554, appActivity=br.com.easytaxi.ui.WelcomeActivity, appPackage=br.com.easytaxi.homolog}, locationContextEnabled=false, deviceUDID=emulator-5554, appPackage=br.com.easytaxi.homolog, platformVersion=5.1.1, databaseEnabled=false, platformName=Android, fullReset=true, deviceName=emulator-5554, webStorageEnabled=false, warnings={}, takesScreenshot=true}]
	at org.openqa.selenium.support.ui.WebDriverWait.timeoutException(WebDriverWait.java:80)
	at org.openqa.selenium.support.ui.FluentWait.until(FluentWait.java:261)
	at br.com.easytaxi.components.LoginComponent.waitHome(LoginComponent.java:57)
	at br.com.easytaxi.components.LoginComponent.logar(LoginComponent.java:81)
	at br.com.easytaxi.tests.ProfileTest.editProfilePassword(ProfileTest.java:36)
	at sun.reflect.NativeMethodAccessorImpl.invoke0(Native Method)
	at sun.reflect.NativeMethodAccessorImpl.invoke(NativeMethodAccessorImpl.java:57)
	at sun.reflect.DelegatingMethodAccessorImpl.invoke(DelegatingMethodAccessorImpl.java:43)
	at java.lang.reflect.Method.invoke(Method.java:606)
	at org.testng.internal.MethodInvocationHelper.invokeMethod(MethodInvocationHelper.java:100)
	at org.testng.internal.Invoker.invokeMethod(Invoker.java:646)
	at org.testng.internal.Invoker.invokeTestMethod(Invoker.java:811)
	at org.testng.internal.Invoker.invokeTestMethods(Invoker.java:1129)
	at org.testng.internal.TestMethodWorker.invokeTestMethods(TestMethodWorker.java:129)
	at org.testng.internal.TestMethodWorker.run(TestMethodWorker.java:112)
	at org.testng.TestRunner.privateRun(TestRunner.java:746)
	at org.testng.TestRunner.run(TestRunner.java:600)
	at org.testng.SuiteRunner.runTest(SuiteRunner.java:366)
	at org.testng.SuiteRunner.runSequentially(SuiteRunner.java:361)
	at org.testng.SuiteRunner.privateRun(SuiteRunner.java:319)
	at org.testng.SuiteRunner.run(SuiteRunner.java:268)
	at org.testng.SuiteRunnerWorker.runSuite(SuiteRunnerWorker.java:52)
	at org.testng.SuiteRunnerWorker.run(SuiteRunnerWorker.java:86)
	at org.testng.TestNG.runSuitesSequentially(TestNG.java:1264)
	at org.testng.TestNG.runSuitesLocally(TestNG.java:1189)
	at org.testng.TestNG.runSuites(TestNG.java:1104)
	at org.testng.TestNG.run(TestNG.java:1076)
	at org.testng.remote.AbstractRemoteTestNG.run(AbstractRemoteTestNG.java:126)
	at org.testng.remote.RemoteTestNG.initAndRun(RemoteTestNG.java:152)
	at org.testng.remote.RemoteTestNG.main(RemoteTestNG.java:57)
Caused by: org.openqa.selenium.NoSuchElementException: An element could not be located on the page using the given search parameters. (WARNING: The server did not provide any stacktrace information)
Command duration or timeout: 26 milliseconds
For documentation on this error, please visit: http://seleniumhq.org/exceptions/no_such_element.html
Build info: version: '2.48.2', revision: '41bccdd10cf2c0560f637404c2d96164b67d9d67', time: '2015-10-09 13:08:06'
System info: host: 'lenilson-Latitude-3540', ip: '127.0.1.1', os.name: 'Linux', os.arch: 'amd64', os.version: '3.19.0-66-generic', java.version: '1.7.0_95'
*** Element info: {Using=id, value=br.com.easytaxi.homolog:id/img_logo}
Session ID: eeada930-fb58-4517-97f3-55722c2ec719
Driver info: io.appium.java_client.android.AndroidDriver
Capabilities [{platform=LINUX, app=/home/lenilson/workspace/Appium-passenger/apk/passenger-10.1.3.1008-homolog.apk, javascriptEnabled=true, appActivity=br.com.easytaxi.ui.WelcomeActivity, networkConnectionEnabled=true, desired={app=/home/lenilson/workspace/Appium-passenger/apk/passenger-10.1.3.1008-homolog.apk, platformVersion=5.1.1, fullReset=true, platformName=Android, deviceName=emulator-5554, appActivity=br.com.easytaxi.ui.WelcomeActivity, appPackage=br.com.easytaxi.homolog}, locationContextEnabled=false, deviceUDID=emulator-5554, appPackage=br.com.easytaxi.homolog, platformVersion=5.1.1, databaseEnabled=false, platformName=Android, fullReset=true, deviceName=emulator-5554, webStorageEnabled=false, warnings={}, takesScreenshot=true}]
	at sun.reflect.GeneratedConstructorAccessor12.newInstance(Unknown Source)
	at sun.reflect.DelegatingConstructorAccessorImpl.newInstance(DelegatingConstructorAccessorImpl.java:45)
	at java.lang.reflect.Constructor.newInstance(Constructor.java:526)
	at org.openqa.selenium.remote.ErrorHandler.createThrowable(ErrorHandler.java:206)
	at org.openqa.selenium.remote.ErrorHandler.throwIfResponseFailed(ErrorHandler.java:158)
	at org.openqa.selenium.remote.RemoteWebDriver.execute(RemoteWebDriver.java:647)
	at io.appium.java_client.DefaultGenericMobileDriver.execute(DefaultGenericMobileDriver.java:40)
	at io.appium.java_client.AppiumDriver.execute(AppiumDriver.java:1)
	at io.appium.java_client.android.AndroidDriver.execute(AndroidDriver.java:1)
	at org.openqa.selenium.remote.RemoteWebDriver.findElement(RemoteWebDriver.java:353)
	at io.appium.java_client.DefaultGenericMobileDriver.findElement(DefaultGenericMobileDriver.java:56)
	at io.appium.java_client.AppiumDriver.findElement(AppiumDriver.java:1)
	at io.appium.java_client.android.AndroidDriver.findElement(AndroidDriver.java:1)
	at org.openqa.selenium.remote.RemoteWebDriver.findElementById(RemoteWebDriver.java:403)
	at io.appium.java_client.DefaultGenericMobileDriver.findElementById(DefaultGenericMobileDriver.java:64)
	at io.appium.java_client.AppiumDriver.findElementById(AppiumDriver.java:1)
	at io.appium.java_client.android.AndroidDriver.findElementById(AndroidDriver.java:1)
	at org.openqa.selenium.By$ById.findElement(By.java:218)
	at org.openqa.selenium.remote.RemoteWebDriver.findElement(RemoteWebDriver.java:345)
	at io.appium.java_client.DefaultGenericMobileDriver.findElement(DefaultGenericMobileDriver.java:52)
	at io.appium.java_client.AppiumDriver.findElement(AppiumDriver.java:1)
	at io.appium.java_client.android.AndroidDriver.findElement(AndroidDriver.java:1)
	at org.openqa.selenium.support.ui.ExpectedConditions.findElement(ExpectedConditions.java:911)
	at org.openqa.selenium.support.ui.ExpectedConditions.access$000(ExpectedConditions.java:41)
	at org.openqa.selenium.support.ui.ExpectedConditions$6.apply(ExpectedConditions.java:181)
	at org.openqa.selenium.support.ui.ExpectedConditions$6.apply(ExpectedConditions.java:178)
	at org.openqa.selenium.support.ui.FluentWait.until(FluentWait.java:238)
	... 28 more
]]>
    </error>
  </testcase> <!-- editProfilePassword -->
</testsuite> <!-- br.com.easytaxi.tests.ProfileTest -->
